{"/Users/williamrodil/Sites/malinko/js-jest/malinko-test/src/gilded_rose.js": {"path":"/Users/williamrodil/Sites/malinko/js-jest/malinko-test/src/gilded_rose.js","statementMap":{"0":{"start":{"line":3,"column":4},"end":{"line":3,"column":21}},"1":{"start":{"line":4,"column":4},"end":{"line":4,"column":25}},"2":{"start":{"line":5,"column":4},"end":{"line":5,"column":27}},"3":{"start":{"line":11,"column":4},"end":{"line":11,"column":23}},"4":{"start":{"line":14,"column":20},"end":{"line":14,"column":22}},"5":{"start":{"line":15,"column":4},"end":{"line":63,"column":5}},"6":{"start":{"line":15,"column":17},"end":{"line":15,"column":18}},"7":{"start":{"line":16,"column":6},"end":{"line":38,"column":7}},"8":{"start":{"line":17,"column":8},"end":{"line":21,"column":9}},"9":{"start":{"line":18,"column":10},"end":{"line":20,"column":11}},"10":{"start":{"line":19,"column":12},"end":{"line":19,"column":62}},"11":{"start":{"line":23,"column":8},"end":{"line":37,"column":9}},"12":{"start":{"line":24,"column":10},"end":{"line":24,"column":60}},"13":{"start":{"line":25,"column":10},"end":{"line":36,"column":11}},"14":{"start":{"line":26,"column":12},"end":{"line":30,"column":13}},"15":{"start":{"line":27,"column":14},"end":{"line":29,"column":15}},"16":{"start":{"line":28,"column":16},"end":{"line":28,"column":66}},"17":{"start":{"line":31,"column":12},"end":{"line":35,"column":13}},"18":{"start":{"line":32,"column":14},"end":{"line":34,"column":15}},"19":{"start":{"line":33,"column":16},"end":{"line":33,"column":66}},"20":{"start":{"line":39,"column":6},"end":{"line":41,"column":7}},"21":{"start":{"line":40,"column":8},"end":{"line":40,"column":56}},"22":{"start":{"line":42,"column":6},"end":{"line":58,"column":7}},"23":{"start":{"line":43,"column":8},"end":{"line":57,"column":9}},"24":{"start":{"line":44,"column":10},"end":{"line":52,"column":11}},"25":{"start":{"line":45,"column":12},"end":{"line":49,"column":13}},"26":{"start":{"line":46,"column":14},"end":{"line":48,"column":15}},"27":{"start":{"line":47,"column":16},"end":{"line":47,"column":66}},"28":{"start":{"line":51,"column":12},"end":{"line":51,"column":82}},"29":{"start":{"line":54,"column":10},"end":{"line":56,"column":11}},"30":{"start":{"line":55,"column":12},"end":{"line":55,"column":62}},"31":{"start":{"line":60,"column":6},"end":{"line":62,"column":7}},"32":{"start":{"line":61,"column":8},"end":{"line":61,"column":58}},"33":{"start":{"line":65,"column":4},"end":{"line":65,"column":22}},"34":{"start":{"line":69,"column":0},"end":{"line":72,"column":1}}},"fnMap":{"0":{"name":"(anonymous_0)","decl":{"start":{"line":2,"column":2},"end":{"line":2,"column":3}},"loc":{"start":{"line":2,"column":36},"end":{"line":6,"column":3}},"line":2},"1":{"name":"(anonymous_1)","decl":{"start":{"line":10,"column":2},"end":{"line":10,"column":3}},"loc":{"start":{"line":10,"column":23},"end":{"line":12,"column":3}},"line":10},"2":{"name":"(anonymous_2)","decl":{"start":{"line":13,"column":2},"end":{"line":13,"column":3}},"loc":{"start":{"line":13,"column":18},"end":{"line":66,"column":3}},"line":13}},"branchMap":{"0":{"loc":{"start":{"line":10,"column":14},"end":{"line":10,"column":22}},"type":"default-arg","locations":[{"start":{"line":10,"column":20},"end":{"line":10,"column":22}}],"line":10},"1":{"loc":{"start":{"line":16,"column":6},"end":{"line":38,"column":7}},"type":"if","locations":[{"start":{"line":16,"column":6},"end":{"line":38,"column":7}},{"start":{"line":16,"column":6},"end":{"line":38,"column":7}}],"line":16},"2":{"loc":{"start":{"line":16,"column":10},"end":{"line":16,"column":112}},"type":"binary-expr","locations":[{"start":{"line":16,"column":10},"end":{"line":16,"column":43}},{"start":{"line":16,"column":47},"end":{"line":16,"column":112}}],"line":16},"3":{"loc":{"start":{"line":17,"column":8},"end":{"line":21,"column":9}},"type":"if","locations":[{"start":{"line":17,"column":8},"end":{"line":21,"column":9}},{"start":{"line":17,"column":8},"end":{"line":21,"column":9}}],"line":17},"4":{"loc":{"start":{"line":18,"column":10},"end":{"line":20,"column":11}},"type":"if","locations":[{"start":{"line":18,"column":10},"end":{"line":20,"column":11}},{"start":{"line":18,"column":10},"end":{"line":20,"column":11}}],"line":18},"5":{"loc":{"start":{"line":23,"column":8},"end":{"line":37,"column":9}},"type":"if","locations":[{"start":{"line":23,"column":8},"end":{"line":37,"column":9}},{"start":{"line":23,"column":8},"end":{"line":37,"column":9}}],"line":23},"6":{"loc":{"start":{"line":25,"column":10},"end":{"line":36,"column":11}},"type":"if","locations":[{"start":{"line":25,"column":10},"end":{"line":36,"column":11}},{"start":{"line":25,"column":10},"end":{"line":36,"column":11}}],"line":25},"7":{"loc":{"start":{"line":26,"column":12},"end":{"line":30,"column":13}},"type":"if","locations":[{"start":{"line":26,"column":12},"end":{"line":30,"column":13}},{"start":{"line":26,"column":12},"end":{"line":30,"column":13}}],"line":26},"8":{"loc":{"start":{"line":27,"column":14},"end":{"line":29,"column":15}},"type":"if","locations":[{"start":{"line":27,"column":14},"end":{"line":29,"column":15}},{"start":{"line":27,"column":14},"end":{"line":29,"column":15}}],"line":27},"9":{"loc":{"start":{"line":31,"column":12},"end":{"line":35,"column":13}},"type":"if","locations":[{"start":{"line":31,"column":12},"end":{"line":35,"column":13}},{"start":{"line":31,"column":12},"end":{"line":35,"column":13}}],"line":31},"10":{"loc":{"start":{"line":32,"column":14},"end":{"line":34,"column":15}},"type":"if","locations":[{"start":{"line":32,"column":14},"end":{"line":34,"column":15}},{"start":{"line":32,"column":14},"end":{"line":34,"column":15}}],"line":32},"11":{"loc":{"start":{"line":39,"column":6},"end":{"line":41,"column":7}},"type":"if","locations":[{"start":{"line":39,"column":6},"end":{"line":41,"column":7}},{"start":{"line":39,"column":6},"end":{"line":41,"column":7}}],"line":39},"12":{"loc":{"start":{"line":42,"column":6},"end":{"line":58,"column":7}},"type":"if","locations":[{"start":{"line":42,"column":6},"end":{"line":58,"column":7}},{"start":{"line":42,"column":6},"end":{"line":58,"column":7}}],"line":42},"13":{"loc":{"start":{"line":43,"column":8},"end":{"line":57,"column":9}},"type":"if","locations":[{"start":{"line":43,"column":8},"end":{"line":57,"column":9}},{"start":{"line":43,"column":8},"end":{"line":57,"column":9}}],"line":43},"14":{"loc":{"start":{"line":44,"column":10},"end":{"line":52,"column":11}},"type":"if","locations":[{"start":{"line":44,"column":10},"end":{"line":52,"column":11}},{"start":{"line":44,"column":10},"end":{"line":52,"column":11}}],"line":44},"15":{"loc":{"start":{"line":45,"column":12},"end":{"line":49,"column":13}},"type":"if","locations":[{"start":{"line":45,"column":12},"end":{"line":49,"column":13}},{"start":{"line":45,"column":12},"end":{"line":49,"column":13}}],"line":45},"16":{"loc":{"start":{"line":46,"column":14},"end":{"line":48,"column":15}},"type":"if","locations":[{"start":{"line":46,"column":14},"end":{"line":48,"column":15}},{"start":{"line":46,"column":14},"end":{"line":48,"column":15}}],"line":46},"17":{"loc":{"start":{"line":54,"column":10},"end":{"line":56,"column":11}},"type":"if","locations":[{"start":{"line":54,"column":10},"end":{"line":56,"column":11}},{"start":{"line":54,"column":10},"end":{"line":56,"column":11}}],"line":54},"18":{"loc":{"start":{"line":60,"column":6},"end":{"line":62,"column":7}},"type":"if","locations":[{"start":{"line":60,"column":6},"end":{"line":62,"column":7}},{"start":{"line":60,"column":6},"end":{"line":62,"column":7}}],"line":60}},"s":{"0":1,"1":1,"2":1,"3":1,"4":1,"5":1,"6":1,"7":1,"8":1,"9":1,"10":1,"11":0,"12":0,"13":0,"14":0,"15":0,"16":0,"17":0,"18":0,"19":0,"20":1,"21":1,"22":1,"23":0,"24":0,"25":0,"26":0,"27":0,"28":0,"29":0,"30":0,"31":1,"32":1,"33":1,"34":1},"f":{"0":1,"1":1,"2":1},"b":{"0":[0],"1":[1,0],"2":[1,1],"3":[1,0],"4":[1,0],"5":[0,0],"6":[0,0],"7":[0,0],"8":[0,0],"9":[0,0],"10":[0,0],"11":[1,0],"12":[0,1],"13":[0,0],"14":[0,0],"15":[0,0],"16":[0,0],"17":[0,0],"18":[1,0]},"_coverageSchema":"43e27e138ebf9cfc5966b082cf9a028302ed4184","hash":"aeec44ecb05b8fbf0b0395636bac7393255068c6"}
}
