TN:
SF:/Users/williamrodil/Sites/malinko/js-jest/malinko-test/src/gilded_rose.js
FN:2,(anonymous_0)
FN:10,(anonymous_1)
FN:13,(anonymous_2)
FNF:3
FNH:3
FNDA:2,(anonymous_0)
FNDA:2,(anonymous_1)
FNDA:2,(anonymous_2)
DA:3,2
DA:4,2
DA:5,2
DA:11,2
DA:14,2
DA:15,2
DA:17,2
DA:18,2
DA:19,2
DA:20,2
DA:21,1
DA:24,1
DA:25,1
DA:29,0
DA:30,0
DA:31,0
DA:32,0
DA:33,0
DA:34,0
DA:37,0
DA:38,0
DA:39,0
DA:45,2
DA:46,1
DA:48,2
DA:49,1
DA:50,1
DA:51,1
DA:52,1
DA:53,0
DA:57,0
DA:60,0
DA:61,0
DA:67,2
DA:68,1
DA:74,2
DA:78,1
LF:37
LH:24
BRDA:10,0,0,0
BRDA:18,1,0,2
BRDA:18,1,1,0
BRDA:18,2,0,2
BRDA:18,2,1,2
BRDA:19,3,0,2
BRDA:19,3,1,0
BRDA:20,4,0,1
BRDA:20,4,1,1
BRDA:29,5,0,0
BRDA:29,5,1,0
BRDA:31,6,0,0
BRDA:31,6,1,0
BRDA:32,7,0,0
BRDA:32,7,1,0
BRDA:33,8,0,0
BRDA:33,8,1,0
BRDA:37,9,0,0
BRDA:37,9,1,0
BRDA:38,10,0,0
BRDA:38,10,1,0
BRDA:45,11,0,1
BRDA:45,11,1,1
BRDA:48,12,0,1
BRDA:48,12,1,1
BRDA:49,13,0,1
BRDA:49,13,1,0
BRDA:50,14,0,1
BRDA:50,14,1,0
BRDA:51,15,0,1
BRDA:51,15,1,0
BRDA:52,16,0,0
BRDA:52,16,1,1
BRDA:60,17,0,0
BRDA:60,17,1,0
BRDA:67,18,0,1
BRDA:67,18,1,1
BRF:37
BRH:16
end_of_record
